#
# There is insufficient memory for the Java Runtime Environment to continue.
# Native memory allocation (mmap) failed to map 2113929216 bytes for committing reserved memory.
# Possible reasons:
#   The system is out of physical RAM or swap space
#   The process is running with CompressedOops enabled, and the Java Heap may be blocking the growth of the native heap
# Possible solutions:
#   Reduce memory load on the system
#   Increase physical memory or swap space
#   Check if swap backing store is full
#   Decrease Java heap size (-Xmx/-Xms)
#   Decrease number of Java threads
#   Decrease Java thread stack sizes (-Xss)
#   Set larger code cache with -XX:ReservedCodeCacheSize=
# This output file may be truncated or incomplete.
#
#  Out of Memory Error (os_linux.cpp:2706), pid=9629, tid=9630
#
# JRE version:  (10.0.1+10) (build )
# Java VM: OpenJDK 64-Bit Server VM (10.0.1+10-Ubuntu-3ubuntu1, mixed mode, aot, tiered, compressed oops, g1 gc, linux-amd64)
# Core dump will be written. Default location: Core dumps may be processed with "/usr/share/apport/apport %p %s %c %d %P" (or dumping to /home/amishra2/Ab-Initio-3DIGARS-PSP-Pipeline-CASP12/Ab-Initio-3DIGARS-PSP-Pipeline-T0859/3DIGARS-PSP/3DIGARS3.0/core.9629)
#

---------------  S U M M A R Y ------------

Command Line: ThreeDIGARSVersionThree T0859_2_290_213 F

Host: AMD EPYC 7551 32-Core Processor, 64 cores, 125G, Ubuntu 18.04.1 LTS
Time: Thu Oct 11 15:22:22 2018 UTC elapsed time: 0 seconds (0d 0h 0m 0s)

---------------  T H R E A D  ---------------

Current thread (0x00007f54b0014800):  JavaThread "Unknown thread" [_thread_in_vm, id=9630, stack(0x00007f54b9df1000,0x00007f54b9ef2000)]

Stack: [0x00007f54b9df1000,0x00007f54b9ef2000],  sp=0x00007f54b9ef02e0,  free space=1020k
Native frames: (J=compiled Java code, A=aot compiled Java code, j=interpreted, Vv=VM code, C=native code)
V  [libjvm.so+0xd27dc4]
V  [libjvm.so+0xd2896b]
V  [libjvm.so+0x64d415]
V  [libjvm.so+0xb2d6e8]
V  [libjvm.so+0xb25f3d]
V  [libjvm.so+0x7662ff]
V  [libjvm.so+0x76653e]
V  [libjvm.so+0x769500]
V  [libjvm.so+0x7efa1c]
V  [libjvm.so+0x7f06df]
V  [libjvm.so+0x7f0b59]
V  [libjvm.so+0x7162cf]
V  [libjvm.so+0x71afd3]
V  [libjvm.so+0xce5ce2]
V  [libjvm.so+0xce5fe6]
V  [libjvm.so+0x807d57]
V  [libjvm.so+0xcc79e4]
V  [libjvm.so+0x8601b1]  JNI_CreateJavaVM+0x51
C  [libjli.so+0x3d83]
C  [libjli.so+0x89dd]
C  [libpthread.so.0+0x76db]  start_thread+0xdb


---------------  P R O C E S S  ---------------

Threads class SMR info:
_java_thread_list=0x00005599b52e35d0, length=0, elements={
}

Java Threads: ( => current thread )

Other Threads:
  0x00007f54b002d800 GCTaskThread "GC Thread#0" [stack: 0x00007f54b60f3000,0x00007f54b61f3000] [id=9631]
  0x00007f54b002f000 GCTaskThread "GC Thread#1" [stack: 0x00007f54b5ff1000,0x00007f54b60f1000] [id=9634]
  0x00007f54b0031000 GCTaskThread "GC Thread#2" [stack: 0x00007f54b5eef000,0x00007f54b5fef000] [id=9635]
  0x00007f54b0032800 GCTaskThread "GC Thread#3" [stack: 0x00007f54b5ded000,0x00007f54b5eed000] [id=9637]
  0x00007f54b0034800 GCTaskThread "GC Thread#4" [stack: 0x00007f54b5ceb000,0x00007f54b5deb000] [id=9638]
  0x00007f54b0036000 GCTaskThread "GC Thread#5" [stack: 0x00007f54b5be9000,0x00007f54b5ce9000] [id=9641]
  0x00007f54b0037800 GCTaskThread "GC Thread#6" [stack: 0x00007f54b5ae7000,0x00007f54b5be7000] [id=9642]
  0x00007f54b0039800 GCTaskThread "GC Thread#7" [stack: 0x00007f54b59e5000,0x00007f54b5ae5000] [id=9644]
  0x00007f54b003b000 GCTaskThread "GC Thread#8" [stack: 0x00007f54b58e3000,0x00007f54b59e3000] [id=9646]
  0x00007f54b003d000 GCTaskThread "GC Thread#9" [stack: 0x00007f54b57e1000,0x00007f54b58e1000] [id=9648]
  0x00007f54b003e800 GCTaskThread "GC Thread#10" [stack: 0x00007f54b56df000,0x00007f54b57df000] [id=9649]
  0x00007f54b0040000 GCTaskThread "GC Thread#11" [stack: 0x00007f54b55dd000,0x00007f54b56dd000] [id=9656]
  0x00007f54b0042000 GCTaskThread "GC Thread#12" [stack: 0x00007f54b54db000,0x00007f54b55db000] [id=9658]
  0x00007f54b0043800 GCTaskThread "GC Thread#13" [stack: 0x00007f54b53d9000,0x00007f54b54d9000] [id=9659]
  0x00007f54b0045800 GCTaskThread "GC Thread#14" [stack: 0x00007f54b52d7000,0x00007f54b53d7000] [id=9662]
  0x00007f54b0047000 GCTaskThread "GC Thread#15" [stack: 0x00007f54b51d5000,0x00007f54b52d5000] [id=9664]
  0x00007f54b0048800 GCTaskThread "GC Thread#16" [stack: 0x00007f54b50d3000,0x00007f54b51d3000] [id=9665]
  0x00007f54b004a800 GCTaskThread "GC Thread#17" [stack: 0x00007f54b4fd1000,0x00007f54b50d1000] [id=9667]
  0x00007f54b004c000 GCTaskThread "GC Thread#18" [stack: 0x00007f54b4ecf000,0x00007f54b4fcf000] [id=9669]
  0x00007f54b004e000 GCTaskThread "GC Thread#19" [stack: 0x00007f54b4dcd000,0x00007f54b4ecd000] [id=9672]
  0x00007f54b004f800 GCTaskThread "GC Thread#20" [stack: 0x00007f54b4ccb000,0x00007f54b4dcb000] [id=9678]
  0x00007f54b0051800 GCTaskThread "GC Thread#21" [stack: 0x00007f54b4bc9000,0x00007f54b4cc9000] [id=9680]
  0x00007f54b0053000 GCTaskThread "GC Thread#22" [stack: 0x00007f54b4ac7000,0x00007f54b4bc7000] [id=9682]
  0x00007f54b0054800 GCTaskThread "GC Thread#23" [stack: 0x00007f54b49c5000,0x00007f54b4ac5000] [id=9684]
  0x00007f54b0056800 GCTaskThread "GC Thread#24" [stack: 0x00007f54b48c3000,0x00007f54b49c3000] [id=9690]
  0x00007f54b0058000 GCTaskThread "GC Thread#25" [stack: 0x00007f54b47c1000,0x00007f54b48c1000] [id=9692]
  0x00007f54b005a000 GCTaskThread "GC Thread#26" [stack: 0x00007f54b46bf000,0x00007f54b47bf000] [id=9693]
  0x00007f54b005b800 GCTaskThread "GC Thread#27" [stack: 0x00007f54b45bd000,0x00007f54b46bd000] [id=9695]
  0x00007f54b005d000 GCTaskThread "GC Thread#28" [stack: 0x00007f54b44bb000,0x00007f54b45bb000] [id=9697]
  0x00007f54b005f000 GCTaskThread "GC Thread#29" [stack: 0x00007f54b43b9000,0x00007f54b44b9000] [id=9699]
  0x00007f54b0060800 GCTaskThread "GC Thread#30" [stack: 0x00007f54b42b7000,0x00007f54b43b7000] [id=9700]
  0x00007f54b0062800 GCTaskThread "GC Thread#31" [stack: 0x00007f54b41b5000,0x00007f54b42b5000] [id=9701]
  0x00007f54b0064000 GCTaskThread "GC Thread#32" [stack: 0x00007f54b40b3000,0x00007f54b41b3000] [id=9702]
  0x00007f54b0065800 GCTaskThread "GC Thread#33" [stack: 0x00007f5497a27000,0x00007f5497b27000] [id=9706]
  0x00007f54b0067800 GCTaskThread "GC Thread#34" [stack: 0x00007f5497925000,0x00007f5497a25000] [id=9708]
  0x00007f54b0069000 GCTaskThread "GC Thread#35" [stack: 0x00007f5497823000,0x00007f5497923000] [id=9709]
  0x00007f54b006b000 GCTaskThread "GC Thread#36" [stack: 0x00007f5497721000,0x00007f5497821000] [id=9710]
  0x00007f54b006c800 GCTaskThread "GC Thread#37" [stack: 0x00007f549761f000,0x00007f549771f000] [id=9711]
  0x00007f54b006e000 GCTaskThread "GC Thread#38" [stack: 0x00007f549751d000,0x00007f549761d000] [id=9712]
  0x00007f54b0070000 GCTaskThread "GC Thread#39" [stack: 0x00007f549741b000,0x00007f549751b000] [id=9713]
  0x00007f54b0071800 GCTaskThread "GC Thread#40" [stack: 0x00007f5497319000,0x00007f5497419000] [id=9714]
  0x00007f54b0073800 GCTaskThread "GC Thread#41" [stack: 0x00007f5497217000,0x00007f5497317000] [id=9715]
  0x00007f54b0075000 GCTaskThread "GC Thread#42" [stack: 0x00007f5497115000,0x00007f5497215000] [id=9716]
  0x00007f54b00c8000 ConcurrentGCThread "G1 Main Marker" [stack: 0x00007f5494029000,0x00007f5494129000] [id=9718]
  0x00007f54b00c9800 ConcurrentGCThread "G1 Conc#0" [stack: 0x00007f53a04b2000,0x00007f53a05b2000] [id=9719]
  0x00007f54b00cb800 ConcurrentGCThread "G1 Conc#1" [stack: 0x00007f53a03b0000,0x00007f53a04b0000] [id=9720]
  0x00007f54b00cd000 ConcurrentGCThread "G1 Conc#2" [stack: 0x00007f53a02ae000,0x00007f53a03ae000] [id=9724]
  0x00007f54b00cf000 ConcurrentGCThread "G1 Conc#3" [stack: 0x00007f53a01ac000,0x00007f53a02ac000] [id=9726]
  0x00007f54b00d0800 ConcurrentGCThread "G1 Conc#4" [stack: 0x00007f53a00aa000,0x00007f53a01aa000] [id=9727]
  0x00007f54b00d2000 ConcurrentGCThread "G1 Conc#5" [stack: 0x00007f538bf00000,0x00007f538c000000] [id=9729]
  0x00007f54b00d4000 ConcurrentGCThread "G1 Conc#6" [stack: 0x00007f538bdfe000,0x00007f538befe000] [id=9731]
  0x00007f54b00d5800 ConcurrentGCThread "G1 Conc#7" [stack: 0x00007f538bcfc000,0x00007f538bdfc000] [id=9733]
  0x00007f54b00d7800 ConcurrentGCThread "G1 Conc#8" [stack: 0x00007f538bbfa000,0x00007f538bcfa000] [id=9734]
  0x00007f54b00d9000 ConcurrentGCThread "G1 Conc#9" [stack: 0x00007f538baf8000,0x00007f538bbf8000] [id=9736]
  0x00007f54b00da800 ConcurrentGCThread "G1 Conc#10" [stack: 0x00007f538b9f6000,0x00007f538baf6000] [id=9738]

[error occurred during error reporting (printing all threads), id 0xe0000002]

VM state:not at safepoint (not fully initialized)

VM Mutex/Monitor currently owned by a thread:  ([mutex/lock_event])
[0x00007f54b000dfc0] Heap_lock - owner thread: 0x00007f54b0014800

Heap address: 0x0000000082000000, size: 30688 MB, Compressed Oops mode: Non-zero based: 0x0000000082000000
Narrow klass base: 0x0000000000000000, Narrow klass shift: 0

GC Heap History (0 events):
No events

Deoptimization events (0 events):
No events

Classes redefined (0 events):
No events

Internal exceptions (0 events):
No events

Events (0 events):
No events


Dynamic libraries:
100000000-800000000 ---p 00000000 00:00 0 
5599b4589000-5599b458a000 r-xp 00000000 08:12 9845361                    /usr/lib/jvm/java-11-openjdk-amd64/bin/java
5599b478a000-5599b478b000 r--p 00001000 08:12 9845361                    /usr/lib/jvm/java-11-openjdk-amd64/bin/java
5599b478b000-5599b478c000 rw-p 00002000 08:12 9845361                    /usr/lib/jvm/java-11-openjdk-amd64/bin/java
5599b52cc000-5599b52ed000 rw-p 00000000 00:00 0                          [heap]
7f5368000000-7f5368021000 rw-p 00000000 00:00 0 
7f5368021000-7f536c000000 ---p 00000000 00:00 0 
7f536edee000-7f5370000000 rw-p 00000000 00:00 0 
7f5370000000-7f5370021000 rw-p 00000000 00:00 0 
7f5370021000-7f5374000000 ---p 00000000 00:00 0 
7f5374000000-7f5374021000 rw-p 00000000 00:00 0 
7f5374021000-7f5378000000 ---p 00000000 00:00 0 
7f5378000000-7f5378021000 rw-p 00000000 00:00 0 
7f5378021000-7f537c000000 ---p 00000000 00:00 0 
7f537c000000-7f537c021000 rw-p 00000000 00:00 0 
7f537c021000-7f5380000000 ---p 00000000 00:00 0 
7f5380000000-7f5380021000 rw-p 00000000 00:00 0 
7f5380021000-7f5384000000 ---p 00000000 00:00 0 
7f5384000000-7f5384021000 rw-p 00000000 00:00 0 
7f5384021000-7f5388000000 ---p 00000000 00:00 0 
7f53880db000-7f538b9f4000 rw-p 00000000 00:00 0 
7f538b9f4000-7f538b9f5000 ---p 00000000 00:00 0 
7f538b9f5000-7f538baf6000 rw-p 00000000 00:00 0 
7f538baf6000-7f538baf7000 ---p 00000000 00:00 0 
7f538baf7000-7f538bbf8000 rw-p 00000000 00:00 0 
7f538bbf8000-7f538bbf9000 ---p 00000000 00:00 0 
7f538bbf9000-7f538bcfa000 rw-p 00000000 00:00 0 
7f538bcfa000-7f538bcfb000 ---p 00000000 00:00 0 
7f538bcfb000-7f538bdfc000 rw-p 00000000 00:00 0 
7f538bdfc000-7f538bdfd000 ---p 00000000 00:00 0 
7f538bdfd000-7f538befe000 rw-p 00000000 00:00 0 
7f538befe000-7f538beff000 ---p 00000000 00:00 0 
7f538beff000-7f538c000000 rw-p 00000000 00:00 0 
7f538c000000-7f538c021000 rw-p 00000000 00:00 0 
7f538c021000-7f5390000000 ---p 00000000 00:00 0 
7f5390000000-7f5390021000 rw-p 00000000 00:00 0 
7f5390021000-7f5394000000 ---p 00000000 00:00 0 
7f5394000000-7f5394021000 rw-p 00000000 00:00 0 
7f5394021000-7f5398000000 ---p 00000000 00:00 0 
7f5398000000-7f5398021000 rw-p 00000000 00:00 0 
7f5398021000-7f539c000000 ---p 00000000 00:00 0 
7f539c000000-7f539c021000 rw-p 00000000 00:00 0 
7f539c021000-7f53a0000000 ---p 00000000 00:00 0 
7f53a00a8000-7f53a00a9000 ---p 00000000 00:00 0 
7f53a00a9000-7f53a01aa000 rw-p 00000000 00:00 0 
7f53a01aa000-7f53a01ab000 ---p 00000000 00:00 0 
7f53a01ab000-7f53a02ac000 rw-p 00000000 00:00 0 
7f53a02ac000-7f53a02ad000 ---p 00000000 00:00 0 
7f53a02ad000-7f53a03ae000 rw-p 00000000 00:00 0 
7f53a03ae000-7f53a03af000 ---p 00000000 00:00 0 
7f53a03af000-7f53a04b0000 rw-p 00000000 00:00 0 
7f53a04b0000-7f53a04b1000 ---p 00000000 00:00 0 
7f53a04b1000-7f53a0d30000 rw-p 00000000 00:00 0 
7f53a0d30000-7f53e8000000 ---p 00000000 00:00 0 
7f53e8000000-7f53e8021000 rw-p 00000000 00:00 0 
7f53e8021000-7f53ec000000 ---p 00000000 00:00 0 
7f53ec000000-7f53ec021000 rw-p 00000000 00:00 0 
7f53ec021000-7f53f0000000 ---p 00000000 00:00 0 
7f53f0000000-7f53f0021000 rw-p 00000000 00:00 0 
7f53f0021000-7f53f4000000 ---p 00000000 00:00 0 
7f53f4000000-7f53f4021000 rw-p 00000000 00:00 0 
7f53f4021000-7f53f8000000 ---p 00000000 00:00 0 
7f53f8000000-7f53f8021000 rw-p 00000000 00:00 0 
7f53f8021000-7f53fc000000 ---p 00000000 00:00 0 
7f53fc000000-7f53fc021000 rw-p 00000000 00:00 0 
7f53fc021000-7f5400000000 ---p 00000000 00:00 0 
7f5400000000-7f5400021000 rw-p 00000000 00:00 0 
7f5400021000-7f5404000000 ---p 00000000 00:00 0 
7f5404000000-7f5404021000 rw-p 00000000 00:00 0 
7f5404021000-7f5408000000 ---p 00000000 00:00 0 
7f5408000000-7f5408021000 rw-p 00000000 00:00 0 
7f5408021000-7f540c000000 ---p 00000000 00:00 0 
7f540c000000-7f540c021000 rw-p 00000000 00:00 0 
7f540c021000-7f5410000000 ---p 00000000 00:00 0 
7f5410000000-7f5410021000 rw-p 00000000 00:00 0 
7f5410021000-7f5414000000 ---p 00000000 00:00 0 
7f5414000000-7f5414021000 rw-p 00000000 00:00 0 
7f5414021000-7f5418000000 ---p 00000000 00:00 0 
7f5418000000-7f5418021000 rw-p 00000000 00:00 0 
7f5418021000-7f541c000000 ---p 00000000 00:00 0 
7f541c000000-7f541c021000 rw-p 00000000 00:00 0 
7f541c021000-7f5420000000 ---p 00000000 00:00 0 
7f5420000000-7f5420021000 rw-p 00000000 00:00 0 
7f5420021000-7f5424000000 ---p 00000000 00:00 0 
7f5424000000-7f5424021000 rw-p 00000000 00:00 0 
7f5424021000-7f5428000000 ---p 00000000 00:00 0 
7f5428000000-7f5428021000 rw-p 00000000 00:00 0 
7f5428021000-7f542c000000 ---p 00000000 00:00 0 
7f542c000000-7f542c021000 rw-p 00000000 00:00 0 
7f542c021000-7f5430000000 ---p 00000000 00:00 0 
7f5430000000-7f5430021000 rw-p 00000000 00:00 0 
7f5430021000-7f5434000000 ---p 00000000 00:00 0 
7f5434000000-7f5434021000 rw-p 00000000 00:00 0 
7f5434021000-7f5438000000 ---p 00000000 00:00 0 
7f5438000000-7f5438021000 rw-p 00000000 00:00 0 
7f5438021000-7f543c000000 ---p 00000000 00:00 0 
7f543c000000-7f543c021000 rw-p 00000000 00:00 0 
7f543c021000-7f5440000000 ---p 00000000 00:00 0 
7f5440000000-7f5440021000 rw-p 00000000 00:00 0 
7f5440021000-7f5444000000 ---p 00000000 00:00 0 
7f5444000000-7f5444021000 rw-p 00000000 00:00 0 
7f5444021000-7f5448000000 ---p 00000000 00:00 0 
7f5448000000-7f5448021000 rw-p 00000000 00:00 0 
7f5448021000-7f544c000000 ---p 00000000 00:00 0 
7f544c000000-7f544c021000 rw-p 00000000 00:00 0 
7f544c021000-7f5450000000 ---p 00000000 00:00 0 
7f5450000000-7f5450021000 rw-p 00000000 00:00 0 
7f5450021000-7f5454000000 ---p 00000000 00:00 0 
7f5454000000-7f5454021000 rw-p 00000000 00:00 0 
7f5454021000-7f5458000000 ---p 00000000 00:00 0 
7f5458000000-7f5458021000 rw-p 00000000 00:00 0 
7f5458021000-7f545c000000 ---p 00000000 00:00 0 
7f545c000000-7f545c021000 rw-p 00000000 00:00 0 
7f545c021000-7f5460000000 ---p 00000000 00:00 0 
7f5460000000-7f5460021000 rw-p 00000000 00:00 0 
7f5460021000-7f5464000000 ---p 00000000 00:00 0 
7f5464000000-7f5464021000 rw-p 00000000 00:00 0 
7f5464021000-7f5468000000 ---p 00000000 00:00 0 
7f5468000000-7f5468021000 rw-p 00000000 00:00 0 
7f5468021000-7f546c000000 ---p 00000000 00:00 0 
7f546c000000-7f546c021000 rw-p 00000000 00:00 0 
7f546c021000-7f5470000000 ---p 00000000 00:00 0 
7f5470000000-7f5470021000 rw-p 00000000 00:00 0 
7f5470021000-7f5474000000 ---p 00000000 00:00 0 
7f5474000000-7f5474021000 rw-p 00000000 00:00 0 
7f5474021000-7f5478000000 ---p 00000000 00:00 0 
7f5478000000-7f5478021000 rw-p 00000000 00:00 0 
7f5478021000-7f547c000000 ---p 00000000 00:00 0 
7f547c000000-7f547c021000 rw-p 00000000 00:00 0 
7f547c021000-7f5480000000 ---p 00000000 00:00 0 
7f5480000000-7f5480021000 rw-p 00000000 00:00 0 
7f5480021000-7f5484000000 ---p 00000000 00:00 0 
7f5484000000-7f5484021000 rw-p 00000000 00:00 0 
7f5484021000-7f5488000000 ---p 00000000 00:00 0 
7f5488000000-7f5488021000 rw-p 00000000 00:00 0 
7f5488021000-7f548c000000 ---p 00000000 00:00 0 
7f548c000000-7f548c021000 rw-p 00000000 00:00 0 
7f548c021000-7f5490000000 ---p 00000000 00:00 0 
7f5490000000-7f5490021000 rw-p 00000000 00:00 0 
7f5490021000-7f5494000000 ---p 00000000 00:00 0 
7f5494027000-7f5494028000 ---p 00000000 00:00 0 
7f5494028000-7f5497113000 rw-p 00000000 00:00 0 
7f5497113000-7f5497114000 ---p 00000000 00:00 0 
7f5497114000-7f5497215000 rw-p 00000000 00:00 0 
7f5497215000-7f5497216000 ---p 00000000 00:00 0 
7f5497216000-7f5497317000 rw-p 00000000 00:00 0 
7f5497317000-7f5497318000 ---p 00000000 00:00 0 
7f5497318000-7f5497419000 rw-p 00000000 00:00 0 
7f5497419000-7f549741a000 ---p 00000000 00:00 0 
7f549741a000-7f549751b000 rw-p 00000000 00:00 0 
7f549751b000-7f549751c000 ---p 00000000 00:00 0 
7f549751c000-7f549761d000 rw-p 00000000 00:00 0 
7f549761d000-7f549761e000 ---p 00000000 00:00 0 
7f549761e000-7f549771f000 rw-p 00000000 00:00 0 
7f549771f000-7f5497720000 ---p 00000000 00:00 0 
7f5497720000-7f5497821000 rw-p 00000000 00:00 0 
7f5497821000-7f5497822000 ---p 00000000 00:00 0 
7f5497822000-7f5497923000 rw-p 00000000 00:00 0 
7f5497923000-7f5497924000 ---p 00000000 00:00 0 
7f5497924000-7f5497a25000 rw-p 00000000 00:00 0 
7f5497a25000-7f5497a26000 ---p 00000000 00:00 0 
7f5497a26000-7f5497b27000 rw-p 00000000 00:00 0 
7f5497b27000-7f5497d97000 rwxp 00000000 00:00 0 
7f5497d97000-7f5498384000 ---p 00000000 00:00 0 
7f5498384000-7f54985f4000 rwxp 00000000 00:00 0 
7f54985f4000-7f549f755000 ---p 00000000 00:00 0 
7f549f755000-7f549f9c5000 rwxp 00000000 00:00 0 
7f549f9c5000-7f54a6b27000 ---p 00000000 00:00 0 
7f54a6b27000-7f54b0000000 r--s 00000000 08:12 9961636                    /usr/lib/jvm/java-11-openjdk-amd64/lib/modules
7f54b0000000-7f54b00f6000 rw-p 00000000 00:00 0 
7f54b00f6000-7f54b4000000 ---p 00000000 00:00 0 
7f54b40b1000-7f54b40b2000 ---p 00000000 00:00 0 
7f54b40b2000-7f54b41b3000 rw-p 00000000 00:00 0 
7f54b41b3000-7f54b41b4000 ---p 00000000 00:00 0 
7f54b41b4000-7f54b42b5000 rw-p 00000000 00:00 0 
7f54b42b5000-7f54b42b6000 ---p 00000000 00:00 0 
7f54b42b6000-7f54b43b7000 rw-p 00000000 00:00 0 
7f54b43b7000-7f54b43b8000 ---p 00000000 00:00 0 
7f54b43b8000-7f54b44b9000 rw-p 00000000 00:00 0 
7f54b44b9000-7f54b44ba000 ---p 00000000 00:00 0 
7f54b44ba000-7f54b45bb000 rw-p 00000000 00:00 0 
7f54b45bb000-7f54b45bc000 ---p 00000000 00:00 0 
7f54b45bc000-7f54b46bd000 rw-p 00000000 00:00 0 
7f54b46bd000-7f54b46be000 ---p 00000000 00:00 0 
7f54b46be000-7f54b47bf000 rw-p 00000000 00:00 0 
7f54b47bf000-7f54b47c0000 ---p 00000000 00:00 0 
7f54b47c0000-7f54b48c1000 rw-p 00000000 00:00 0 
7f54b48c1000-7f54b48c2000 ---p 00000000 00:00 0 
7f54b48c2000-7f54b49c3000 rw-p 00000000 00:00 0 
7f54b49c3000-7f54b49c4000 ---p 00000000 00:00 0 
7f54b49c4000-7f54b4ac5000 rw-p 00000000 00:00 0 
7f54b4ac5000-7f54b4ac6000 ---p 00000000 00:00 0 
7f54b4ac6000-7f54b4bc7000 rw-p 00000000 00:00 0 
7f54b4bc7000-7f54b4bc8000 ---p 00000000 00:00 0 
7f54b4bc8000-7f54b4cc9000 rw-p 00000000 00:00 0 
7f54b4cc9000-7f54b4cca000 ---p 00000000 00:00 0 
7f54b4cca000-7f54b4dcb000 rw-p 00000000 00:00 0 
7f54b4dcb000-7f54b4dcc000 ---p 00000000 00:00 0 
7f54b4dcc000-7f54b4ecd000 rw-p 00000000 00:00 0 
7f54b4ecd000-7f54b4ece000 ---p 00000000 00:00 0 
7f54b4ece000-7f54b4fcf000 rw-p 00000000 00:00 0 
7f54b4fcf000-7f54b4fd0000 ---p 00000000 00:00 0 
7f54b4fd0000-7f54b50d1000 rw-p 00000000 00:00 0 
7f54b50d1000-7f54b50d2000 ---p 00000000 00:00 0 
7f54b50d2000-7f54b51d3000 rw-p 00000000 00:00 0 
7f54b51d3000-7f54b51d4000 ---p 00000000 00:00 0 
7f54b51d4000-7f54b52d5000 rw-p 00000000 00:00 0 
7f54b52d5000-7f54b52d6000 ---p 00000000 00:00 0 
7f54b52d6000-7f54b53d7000 rw-p 00000000 00:00 0 
7f54b53d7000-7f54b53d8000 ---p 00000000 00:00 0 
7f54b53d8000-7f54b54d9000 rw-p 00000000 00:00 0 
7f54b54d9000-7f54b54da000 ---p 00000000 00:00 0 
7f54b54da000-7f54b55db000 rw-p 00000000 00:00 0 
7f54b55db000-7f54b55dc000 ---p 00000000 00:00 0 
7f54b55dc000-7f54b56dd000 rw-p 00000000 00:00 0 
7f54b56dd000-7f54b56de000 ---p 00000000 00:00 0 
7f54b56de000-7f54b57df000 rw-p 00000000 00:00 0 
7f54b57df000-7f54b57e0000 ---p 00000000 00:00 0 
7f54b57e0000-7f54b58e1000 rw-p 00000000 00:00 0 
7f54b58e1000-7f54b58e2000 ---p 00000000 00:00 0 
7f54b58e2000-7f54b59e3000 rw-p 00000000 00:00 0 
7f54b59e3000-7f54b59e4000 ---p 00000000 00:00 0 
7f54b59e4000-7f54b5ae5000 rw-p 00000000 00:00 0 
7f54b5ae5000-7f54b5ae6000 ---p 00000000 00:00 0 
7f54b5ae6000-7f54b5be7000 rw-p 00000000 00:00 0 
7f54b5be7000-7f54b5be8000 ---p 00000000 00:00 0 
7f54b5be8000-7f54b5ce9000 rw-p 00000000 00:00 0 
7f54b5ce9000-7f54b5cea000 ---p 00000000 00:00 0 
7f54b5cea000-7f54b5deb000 rw-p 00000000 00:00 0 
7f54b5deb000-7f54b5dec000 ---p 00000000 00:00 0 
7f54b5dec000-7f54b5eed000 rw-p 00000000 00:00 0 
7f54b5eed000-7f54b5eee000 ---p 00000000 00:00 0 
7f54b5eee000-7f54b5fef000 rw-p 00000000 00:00 0 
7f54b5fef000-7f54b5ff0000 ---p 00000000 00:00 0 
7f54b5ff0000-7f54b60f1000 rw-p 00000000 00:00 0 
7f54b60f1000-7f54b60f2000 ---p 00000000 00:00 0 
7f54b60f2000-7f54b61f8000 rw-p 00000000 00:00 0 
7f54b61f8000-7f54b62db000 ---p 00000000 00:00 0 
7f54b62db000-7f54b62e0000 rw-p 00000000 00:00 0 
7f54b62e0000-7f54b63c3000 ---p 00000000 00:00 0 
7f54b63c3000-7f54b63c8000 r-xp 00000000 08:12 9961618                    /usr/lib/jvm/java-11-openjdk-amd64/lib/libjimage.so
7f54b63c8000-7f54b65c7000 ---p 00005000 08:12 9961618                    /usr/lib/jvm/java-11-openjdk-amd64/lib/libjimage.so
7f54b65c7000-7f54b65c8000 r--p 00004000 08:12 9961618                    /usr/lib/jvm/java-11-openjdk-amd64/lib/libjimage.so
7f54b65c8000-7f54b65c9000 rw-p 00005000 08:12 9961618                    /usr/lib/jvm/java-11-openjdk-amd64/lib/libjimage.so
7f54b65c9000-7f54b65d0000 r-xp 00000000 08:12 9961635                    /usr/lib/jvm/java-11-openjdk-amd64/lib/libzip.so
7f54b65d0000-7f54b67cf000 ---p 00007000 08:12 9961635                    /usr/lib/jvm/java-11-openjdk-amd64/lib/libzip.so
7f54b67cf000-7f54b67d0000 r--p 00006000 08:12 9961635                    /usr/lib/jvm/java-11-openjdk-amd64/lib/libzip.so
7f54b67d0000-7f54b67d1000 rw-p 00007000 08:12 9961635                    /usr/lib/jvm/java-11-openjdk-amd64/lib/libzip.so
7f54b67d1000-7f54b67e8000 r-xp 00000000 08:12 3543692                    /lib/x86_64-linux-gnu/libnsl-2.27.so
7f54b67e8000-7f54b69e7000 ---p 00017000 08:12 3543692                    /lib/x86_64-linux-gnu/libnsl-2.27.so
7f54b69e7000-7f54b69e8000 r--p 00016000 08:12 3543692                    /lib/x86_64-linux-gnu/libnsl-2.27.so
7f54b69e8000-7f54b69e9000 rw-p 00017000 08:12 3543692                    /lib/x86_64-linux-gnu/libnsl-2.27.so
7f54b69e9000-7f54b69eb000 rw-p 00000000 00:00 0 
7f54b69eb000-7f54b6a02000 r-xp 00000000 08:12 3543716                    /lib/x86_64-linux-gnu/libresolv-2.27.so
7f54b6a02000-7f54b6c02000 ---p 00017000 08:12 3543716                    /lib/x86_64-linux-gnu/libresolv-2.27.so
7f54b6c02000-7f54b6c03000 r--p 00017000 08:12 3543716                    /lib/x86_64-linux-gnu/libresolv-2.27.so
7f54b6c03000-7f54b6c04000 rw-p 00018000 08:12 3543716                    /lib/x86_64-linux-gnu/libresolv-2.27.so
7f54b6c04000-7f54b6c06000 rw-p 00000000 00:00 0 
7f54b6c06000-7f54b6c3c000 r-xp 00000000 08:12 3539959                    /lib/x86_64-linux-gnu/libnss_centrifydc.so.2
7f54b6c3c000-7f54b6e3b000 ---p 00036000 08:12 3539959                    /lib/x86_64-linux-gnu/libnss_centrifydc.so.2
7f54b6e3b000-7f54b6e3d000 rw-p 00035000 08:12 3539959                    /lib/x86_64-linux-gnu/libnss_centrifydc.so.2
7f54b6e3d000-7f54b6e69000 r-xp 00000000 08:12 9961614                    /usr/lib/jvm/java-11-openjdk-amd64/lib/libjava.so
7f54b6e69000-7f54b7068000 ---p 0002c000 08:12 9961614                    /usr/lib/jvm/java-11-openjdk-amd64/lib/libjava.so
7f54b7068000-7f54b7069000 r--p 0002b000 08:12 9961614                    /usr/lib/jvm/java-11-openjdk-amd64/lib/libjava.so
7f54b7069000-7f54b706b000 rw-p 0002c000 08:12 9961614                    /usr/lib/jvm/java-11-openjdk-amd64/lib/libjava.so
7f54b706b000-7f54b7078000 r-xp 00000000 08:12 9961634                    /usr/lib/jvm/java-11-openjdk-amd64/lib/libverify.so
7f54b7078000-7f54b7277000 ---p 0000d000 08:12 9961634                    /usr/lib/jvm/java-11-openjdk-amd64/lib/libverify.so
7f54b7277000-7f54b7279000 r--p 0000c000 08:12 9961634                    /usr/lib/jvm/java-11-openjdk-amd64/lib/libverify.so
7f54b7279000-7f54b727a000 rw-p 0000e000 08:12 9961634                    /usr/lib/jvm/java-11-openjdk-amd64/lib/libverify.so
7f54b727a000-7f54b7281000 r-xp 00000000 08:12 3543717                    /lib/x86_64-linux-gnu/librt-2.27.so
7f54b7281000-7f54b7480000 ---p 00007000 08:12 3543717                    /lib/x86_64-linux-gnu/librt-2.27.so
7f54b7480000-7f54b7481000 r--p 00006000 08:12 3543717                    /lib/x86_64-linux-gnu/librt-2.27.so
7f54b7481000-7f54b7482000 rw-p 00007000 08:12 3543717                    /lib/x86_64-linux-gnu/librt-2.27.so
7f54b7482000-7f54b7499000 r-xp 00000000 08:12 3543666                    /lib/x86_64-linux-gnu/libgcc_s.so.1
7f54b7499000-7f54b7698000 ---p 00017000 08:12 3543666                    /lib/x86_64-linux-gnu/libgcc_s.so.1
7f54b7698000-7f54b7699000 r--p 00016000 08:12 3543666                    /lib/x86_64-linux-gnu/libgcc_s.so.1
7f54b7699000-7f54b769a000 rw-p 00017000 08:12 3543666                    /lib/x86_64-linux-gnu/libgcc_s.so.1
7f54b769a000-7f54b7837000 r-xp 00000000 08:12 3543681                    /lib/x86_64-linux-gnu/libm-2.27.so
7f54b7837000-7f54b7a36000 ---p 0019d000 08:12 3543681                    /lib/x86_64-linux-gnu/libm-2.27.so
7f54b7a36000-7f54b7a37000 r--p 0019c000 08:12 3543681                    /lib/x86_64-linux-gnu/libm-2.27.so
7f54b7a37000-7f54b7a38000 rw-p 0019d000 08:12 3543681                    /lib/x86_64-linux-gnu/libm-2.27.so
7f54b7a38000-7f54b7bb6000 r-xp 00000000 08:12 9050052                    /usr/lib/x86_64-linux-gnu/libstdc++.so.6.0.25
7f54b7bb6000-7f54b7db6000 ---p 0017e000 08:12 9050052                    /usr/lib/x86_64-linux-gnu/libstdc++.so.6.0.25
7f54b7db6000-7f54b7dc0000 r--p 0017e000 08:12 9050052                    /usr/lib/x86_64-linux-gnu/libstdc++.so.6.0.25
7f54b7dc0000-7f54b7dc2000 rw-p 00188000 08:12 9050052                    /usr/lib/x86_64-linux-gnu/libstdc++.so.6.0.25
7f54b7dc2000-7f54b7dc6000 rw-p 00000000 00:00 0 
7f54b7dc6000-7f54b8d63000 r-xp 00000000 08:12 9961641                    /usr/lib/jvm/java-11-openjdk-amd64/lib/server/libjvm.so
7f54b8d63000-7f54b8f63000 ---p 00f9d000 08:12 9961641                    /usr/lib/jvm/java-11-openjdk-amd64/lib/server/libjvm.so
7f54b8f63000-7f54b9027000 r--p 00f9d000 08:12 9961641                    /usr/lib/jvm/java-11-openjdk-amd64/lib/server/libjvm.so
7f54b9027000-7f54b905f000 rw-p 01061000 08:12 9961641                    /usr/lib/jvm/java-11-openjdk-amd64/lib/server/libjvm.so
7f54b905f000-7f54b90a8000 rw-p 00000000 00:00 0 
7f54b90a8000-7f54b90c2000 r-xp 00000000 08:12 3543713                    /lib/x86_64-linux-gnu/libpthread-2.27.so
7f54b90c2000-7f54b92c1000 ---p 0001a000 08:12 3543713                    /lib/x86_64-linux-gnu/libpthread-2.27.so
7f54b92c1000-7f54b92c2000 r--p 00019000 08:12 3543713                    /lib/x86_64-linux-gnu/libpthread-2.27.so
7f54b92c2000-7f54b92c3000 rw-p 0001a000 08:12 3543713                    /lib/x86_64-linux-gnu/libpthread-2.27.so
7f54b92c3000-7f54b92c7000 rw-p 00000000 00:00 0 
7f54b92c7000-7f54b92ca000 r-xp 00000000 08:12 3543659                    /lib/x86_64-linux-gnu/libdl-2.27.so
7f54b92ca000-7f54b94c9000 ---p 00003000 08:12 3543659                    /lib/x86_64-linux-gnu/libdl-2.27.so
7f54b94c9000-7f54b94ca000 r--p 00002000 08:12 3543659                    /lib/x86_64-linux-gnu/libdl-2.27.so
7f54b94ca000-7f54b94cb000 rw-p 00003000 08:12 3543659                    /lib/x86_64-linux-gnu/libdl-2.27.so
7f54b94cb000-7f54b94e7000 r-xp 00000000 08:12 3543733                    /lib/x86_64-linux-gnu/libz.so.1.2.11
7f54b94e7000-7f54b96e6000 ---p 0001c000 08:12 3543733                    /lib/x86_64-linux-gnu/libz.so.1.2.11
7f54b96e6000-7f54b96e7000 r--p 0001b000 08:12 3543733                    /lib/x86_64-linux-gnu/libz.so.1.2.11
7f54b96e7000-7f54b96e8000 rw-p 0001c000 08:12 3543733                    /lib/x86_64-linux-gnu/libz.so.1.2.11
7f54b96e8000-7f54b98cf000 r-xp 00000000 08:12 3543648                    /lib/x86_64-linux-gnu/libc-2.27.so
7f54b98cf000-7f54b9acf000 ---p 001e7000 08:12 3543648                    /lib/x86_64-linux-gnu/libc-2.27.so
7f54b9acf000-7f54b9ad3000 r--p 001e7000 08:12 3543648                    /lib/x86_64-linux-gnu/libc-2.27.so
7f54b9ad3000-7f54b9ad5000 rw-p 001eb000 08:12 3543648                    /lib/x86_64-linux-gnu/libc-2.27.so
7f54b9ad5000-7f54b9ad9000 rw-p 00000000 00:00 0 
7f54b9ad9000-7f54b9ae8000 r-xp 00000000 08:12 9961599                    /usr/lib/jvm/java-11-openjdk-amd64/lib/jli/libjli.so
7f54b9ae8000-7f54b9ce7000 ---p 0000f000 08:12 9961599                    /usr/lib/jvm/java-11-openjdk-amd64/lib/jli/libjli.so
7f54b9ce7000-7f54b9ce8000 r--p 0000e000 08:12 9961599                    /usr/lib/jvm/java-11-openjdk-amd64/lib/jli/libjli.so
7f54b9ce8000-7f54b9ce9000 rw-p 0000f000 08:12 9961599                    /usr/lib/jvm/java-11-openjdk-amd64/lib/jli/libjli.so
7f54b9ce9000-7f54b9d10000 r-xp 00000000 08:12 3543636                    /lib/x86_64-linux-gnu/ld-2.27.so
7f54b9de0000-7f54b9de5000 rw-p 00000000 00:00 0 
7f54b9de5000-7f54b9df1000 ---p 00000000 00:00 0 
7f54b9df1000-7f54b9df5000 ---p 00000000 00:00 0 
7f54b9df5000-7f54b9ef4000 rw-p 00000000 00:00 0 
7f54b9f03000-7f54b9f04000 rw-p 00000000 00:00 0 
7f54b9f04000-7f54b9f0c000 rw-s 00000000 08:12 6059372                    /tmp/hsperfdata_amishra2/9629
7f54b9f0c000-7f54b9f0d000 ---p 00000000 00:00 0 
7f54b9f0d000-7f54b9f0e000 r--p 00000000 00:00 0 
7f54b9f0e000-7f54b9f10000 rw-p 00000000 00:00 0 
7f54b9f10000-7f54b9f11000 r--p 00027000 08:12 3543636                    /lib/x86_64-linux-gnu/ld-2.27.so
7f54b9f11000-7f54b9f12000 rw-p 00028000 08:12 3543636                    /lib/x86_64-linux-gnu/ld-2.27.so
7f54b9f12000-7f54b9f13000 rw-p 00000000 00:00 0 
7ffd6db6b000-7ffd6db8d000 rw-p 00000000 00:00 0                          [stack]
7ffd6db92000-7ffd6db95000 r--p 00000000 00:00 0                          [vvar]
7ffd6db95000-7ffd6db97000 r-xp 00000000 00:00 0                          [vdso]
ffffffffff600000-ffffffffff601000 r-xp 00000000 00:00 0                  [vsyscall]


VM Arguments:
java_command: ThreeDIGARSVersionThree T0859_2_290_213 F
java_class_path (initial): .
Launcher Type: SUN_STANDARD

Logging:
Log output configuration:
#0: stdout all=warning uptime,level,tags
#1: stderr all=off uptime,level,tags

Environment Variables:
PATH=/home/amishra2/anaconda3/envs/python2/bin:/home/amishra2/anaconda3/bin:/home/amishra2/anaconda3/bin:/usr/local/sbin:/usr/local/bin:/usr/sbin:/usr/bin:/sbin:/bin:/usr/games:/usr/local/games
LD_LIBRARY_PATH=/home/amishra2/Ab-Initio-3DIGARS-PSP-Pipeline-CASP12/Ab-Initio-3DIGARS-PSP-Pipeline-T0859
SHELL=/bin/bash

Signal Handlers:
SIGSEGV: [libjvm.so+0xd28a90], sa_mask[0]=11111111011111111101111111111110, sa_flags=SA_RESTART|SA_SIGINFO
SIGBUS: [libjvm.so+0xd28a90], sa_mask[0]=11111111011111111101111111111110, sa_flags=SA_RESTART|SA_SIGINFO
SIGFPE: [libjvm.so+0xd28a90], sa_mask[0]=11111111011111111101111111111110, sa_flags=SA_RESTART|SA_SIGINFO
SIGPIPE: [libjvm.so+0xb2a110], sa_mask[0]=11111111011111111101111111111110, sa_flags=SA_RESTART|SA_SIGINFO
SIGXFSZ: [libjvm.so+0xb2a110], sa_mask[0]=11111111011111111101111111111110, sa_flags=SA_RESTART|SA_SIGINFO
SIGILL: [libjvm.so+0xd28a90], sa_mask[0]=11111111011111111101111111111110, sa_flags=SA_RESTART|SA_SIGINFO
SIGUSR2: [libjvm.so+0xb29f50], sa_mask[0]=00000000000000000000000000000000, sa_flags=SA_RESTART|SA_SIGINFO
SIGHUP: SIG_DFL, sa_mask[0]=00000000000000000000000000000000, sa_flags=none
SIGINT: SIG_DFL, sa_mask[0]=00000000000000000000000000000000, sa_flags=none
SIGTERM: SIG_DFL, sa_mask[0]=00000000000000000000000000000000, sa_flags=none
SIGQUIT: SIG_DFL, sa_mask[0]=00000000000000000000000000000000, sa_flags=none


---------------  S Y S T E M  ---------------

OS:DISTRIB_ID=Ubuntu
DISTRIB_RELEASE=18.04
DISTRIB_CODENAME=bionic
DISTRIB_DESCRIPTION="Ubuntu 18.04.1 LTS"
uname:Linux 4.15.0-23-generic #25-Ubuntu SMP Wed May 23 18:02:16 UTC 2018 x86_64
libc:glibc 2.27 NPTL 2.27 
rlimit: STACK 81920k, CORE 0k, NPROC 513478, NOFILE 1048576, AS infinity, DATA infinity, FSIZE infinity
load average:42.11 38.17 37.86

/proc/meminfo:
MemTotal:       131921900 kB
MemFree:          556856 kB
MemAvailable:     298184 kB
Buffers:           15624 kB
Cached:         27159004 kB
SwapCached:         9796 kB
Active:         124065712 kB
Inactive:        5026332 kB
Active(anon):   124050412 kB
Inactive(anon):  4967676 kB
Active(file):      15300 kB
Inactive(file):    58656 kB
Unevictable:        5408 kB
Mlocked:            5408 kB
SwapTotal:       8388604 kB
SwapFree:              8 kB
Dirty:               424 kB
Writeback:             8 kB
AnonPages:      101914396 kB
Mapped:          2773936 kB
Shmem:          27093732 kB
Slab:            1230592 kB
SReclaimable:     479404 kB
SUnreclaim:       751188 kB
KernelStack:       48864 kB
PageTables:       433356 kB
NFS_Unstable:          0 kB
Bounce:                0 kB
WritebackTmp:          0 kB
CommitLimit:    74349552 kB
Committed_AS:   156063232 kB
VmallocTotal:   34359738367 kB
VmallocUsed:           0 kB
VmallocChunk:          0 kB
HardwareCorrupted:     0 kB
AnonHugePages:         0 kB
ShmemHugePages:        0 kB
ShmemPmdMapped:        0 kB
CmaTotal:              0 kB
CmaFree:               0 kB
HugePages_Total:       0
HugePages_Free:        0
HugePages_Rsvd:        0
HugePages_Surp:        0
Hugepagesize:       2048 kB
DirectMap4k:     7680584 kB
DirectMap2M:    126371840 kB
DirectMap1G:           0 kB

container (cgroup) information:
container_type: cgroupv1
cpu_cpuset_cpus: 0-63
cpu_memory_nodes: 0-3
active_processor_count: 64
cpu_quota: -1
cpu_period: 100000
cpu_shares: -1
memory_limit_in_bytes: -1
memory_and_swap_limit_in_bytes: -2
memory_soft_limit_in_bytes: -1
memory_usage_in_bytes: 132940996608
memory_max_usage_in_bytes: 133323980800


CPU:total 64 (initial active 64) (64 cores per cpu, 2 threads per core) family 23 model 1 stepping 2, cmov, cx8, fxsr, mmx, sse, sse2, sse3, ssse3, sse4.1, sse4.2, popcnt, avx, avx2, aes, clmul, mmxext, 3dnowpref, lzcnt, sse4a, ht, tsc, tscinvbit, tscinv, bmi1, bmi2, adx, sha, fma
CPU Model and flags from /proc/cpuinfo:
model name	: AMD EPYC 7551 32-Core Processor
flags		: fpu vme de pse tsc msr pae mce cx8 apic sep mtrr pge mca cmov pat pse36 clflush mmx fxsr sse sse2 ht syscall nx mmxext fxsr_opt pdpe1gb rdtscp lm constant_tsc rep_good nopl nonstop_tsc cpuid extd_apicid amd_dcm aperfmperf pni pclmulqdq monitor ssse3 fma cx16 sse4_1 sse4_2 movbe popcnt aes xsave avx f16c rdrand lahf_lm cmp_legacy svm extapic cr8_legacy abm sse4a misalignsse 3dnowprefetch osvw skinit wdt tce topoext perfctr_core perfctr_nb bpext perfctr_llc mwaitx cpb hw_pstate ssbd ibpb vmmcall fsgsbase bmi1 avx2 smep bmi2 rdseed adx smap clflushopt sha_ni xsaveopt xsavec xgetbv1 xsaves clzero irperf xsaveerptr arat npt lbrv svm_lock nrip_save tsc_scale vmcb_clean flushbyasid decodeassists pausefilter pfthreshold avic v_vmsave_vmload vgif overflow_recov succor smca

Memory: 4k page, physical 131921900k(557128k free), swap 8388604k(8k free)

vm_info: OpenJDK 64-Bit Server VM (10.0.1+10-Ubuntu-3ubuntu1) for linux-amd64 JRE (10.0.1+10-Ubuntu-3ubuntu1), built on Apr 21 2018 13:41:27 by "buildd" with gcc 7.3.0

END.
